<?xml version="1.0" encoding="UTF-8"?>
<!-- Generated by org.testng.reporters.JUnitReportReporter -->
<testsuite hostname="LTIN238012" failures="0" tests="1" name="testCases.Tc2_clicksports" time="0.191" errors="0" timestamp="2024-03-28T21:01:15 IST" skipped="0">
  <testcase classname="testCases.Tc2_clicksports" name="f" time="0.191"/>
  <system-out/>
</testsuite> <!-- testCases.Tc2_clicksports -->
