<?xml version="1.0" encoding="UTF-8"?>
<!-- Generated by org.testng.reporters.JUnitReportReporter -->
<testsuite hostname="LTIN238012" failures="0" tests="2" name="testCases.Tc3_movies" time="8.533" errors="0" timestamp="2024-03-28T21:01:15 IST" skipped="0">
  <testcase classname="testCases.Tc3_movies" name="test1" time="8.242"/>
  <system-out/>
  <testcase classname="testCases.Tc3_movies" name="test2" time="0.291"/>
  <system-out/>
</testsuite> <!-- testCases.Tc3_movies -->
