<?xml version="1.0" encoding="UTF-8"?>
<!-- Generated by org.testng.reporters.JUnitReportReporter -->
<testsuite hostname="LTIN238012" failures="0" tests="5" name="testCases.Tc4_clickSignin" time="22.186" errors="0" timestamp="2024-03-28T21:01:15 IST" skipped="0">
  <testcase classname="testCases.Tc4_clickSignin" name="test1" time="0.215"/>
  <system-out/>
  <testcase classname="testCases.Tc4_clickSignin" name="test2" time="10.350"/>
  <system-out/>
  <testcase classname="testCases.Tc4_clickSignin" name="test3" time="5.442"/>
  <system-out/>
  <testcase classname="testCases.Tc4_clickSignin" name="test4" time="5.902"/>
  <system-out/>
  <testcase classname="testCases.Tc4_clickSignin" name="test5" time="0.277"/>
  <system-out/>
</testsuite> <!-- testCases.Tc4_clickSignin -->
